"QUERY PLAN"
"Hash Join  (cost=415.95..1581.22 rows=279 width=44) (actual time=19.536..55.707 rows=486 loops=1)"
"  Hash Cond: (soh.customerid = c.customerid)"
"  ->  Seq Scan on salesorderheader soh  (cost=0.00..1082.65 rows=31465 width=32) (actual time=10.845..41.258 rows=31465 loops=1)"
"  ->  Hash  (cost=413.75..413.75 rows=176 width=16) (actual time=8.373..8.375 rows=176 loops=1)"
"        Buckets: 1024  Batches: 1  Memory Usage: 16kB"
"        ->  Seq Scan on customer c  (cost=0.00..413.75 rows=176 width=16) (actual time=0.527..7.636 rows=176 loops=1)"
"              Filter: (territoryid = 5)"
"              Rows Removed by Filter: 19644"
"Planning Time: 32.246 ms"
"Execution Time: 57.343 ms"


"QUERY PLAN"
"Hash Join  (cost=183.14..1348.41 rows=279 width=44) (actual time=0.598..17.366 rows=486 loops=1)"
"  Hash Cond: (soh.customerid = c.customerid)"
"  ->  Seq Scan on salesorderheader soh  (cost=0.00..1082.65 rows=31465 width=32) (actual time=0.007..7.582 rows=31465 loops=1)"
"  ->  Hash  (cost=180.94..180.94 rows=176 width=16) (actual time=0.546..0.547 rows=176 loops=1)"
"        Buckets: 1024  Batches: 1  Memory Usage: 16kB"
"        ->  Bitmap Heap Scan on customer c  (cost=5.65..180.94 rows=176 width=16) (actual time=0.179..0.463 rows=176 loops=1)"
"              Recheck Cond: (territoryid = 5)"
"              Heap Blocks: exact=24"
"              ->  Bitmap Index Scan on idx_territoryid  (cost=0.00..5.61 rows=176 width=0) (actual time=0.054..0.054 rows=176 loops=1)"
"                    Index Cond: (territoryid = 5)"
"Planning Time: 2.047 ms"
"Execution Time: 17.620 ms"

ODPOWIEDŹ:
Różnica w wynikach spowodowana jest użyciem indeksów. Dodanie indeksów przyczynia się do optymalizacji danych. Przyspieszają wyszukiwanie i łączenie danych, co wpływa na wydajność zapytania.
